<?xml version="1.0" encoding="UTF-8"?>
<!-- Generated by org.testng.reporters.JUnitReportReporter -->
<testsuite hostname="DESKTOP-S01GLMS" failures="0" tests="1" name="tests.ssd" time="10.456" errors="0" timestamp="2024-11-27T05:20:29 IST" skipped="0">
  <testcase classname="tests.ssd" name="testRevenueCalculatorFunctionality" time="10.456"/>
</testsuite> <!-- tests.ssd -->
