<?xml version="1.0" encoding="UTF-8"?>
<!-- Generated by org.testng.reporters.JUnitReportReporter -->
<testsuite hostname="DESKTOP-S01GLMS" failures="0" tests="1" name="tests.Pratice" time="14.230" errors="0" timestamp="2024-11-27T05:04:04 IST" skipped="0">
  <testcase classname="tests.Pratice" name="asas" time="14.230"/>
</testsuite> <!-- tests.Pratice -->
