<?xml version="1.0" encoding="UTF-8"?>
<!-- Generated by org.testng.reporters.JUnitReportReporter -->
<testsuite hostname="DESKTOP-S01GLMS" failures="0" tests="5" name="tests.RevenueCalculatorTest" time="5.560" errors="0" timestamp="2024-11-27T06:19:03 IST" skipped="0">
  <testcase classname="tests.RevenueCalculatorTest" name="navigateToRevenueCalculatorPageTest" time="0.535"/>
  <testcase classname="tests.RevenueCalculatorTest" name="adjustSliderAndValidateTest" time="1.841"/>
  <testcase classname="tests.RevenueCalculatorTest" name="updateTextBoxAndValidateSliderTest" time="1.409"/>
  <testcase classname="tests.RevenueCalculatorTest" name="selectCPTCodesTest" time="1.692"/>
  <testcase classname="tests.RevenueCalculatorTest" name="testValidateTotalRecurringReimbursement" time="0.083"/>
</testsuite> <!-- tests.RevenueCalculatorTest -->
