<?xml version="1.0" encoding="UTF-8"?>
<!-- Generated by org.testng.reporters.JUnitReportReporter -->
<testsuite hostname="DESKTOP-S01GLMS" failures="0" tests="1" name="tests.Yggg" time="15.338" errors="0" timestamp="2024-11-27T04:11:46 IST" skipped="0">
  <testcase classname="tests.Yggg" name="asas" time="15.338"/>
</testsuite> <!-- tests.Yggg -->
